\BOOKMARK [0][-]{chapter.1}{\376\377\0001\000\040\000C\000l\000a\000s\000s\000\040\000I\000n\000d\000e\000x}{}% 1
\BOOKMARK [1][-]{section.1.1}{\376\377\0001\000.\0001\000\040\000C\000l\000a\000s\000s\000\040\000L\000i\000s\000t}{chapter.1}% 2
\BOOKMARK [0][-]{chapter.2}{\376\377\0002\000\040\000C\000l\000a\000s\000s\000\040\000D\000o\000c\000u\000m\000e\000n\000t\000a\000t\000i\000o\000n}{}% 3
\BOOKMARK [1][-]{section.2.1}{\376\377\0002\000.\0001\000\040\000A\000u\000t\000h\000o\000r\000.\000A\000u\000t\000h\000o\000r\000\040\000C\000l\000a\000s\000s\000\040\000R\000e\000f\000e\000r\000e\000n\000c\000e}{chapter.2}% 4
\BOOKMARK [2][-]{subsection.2.1.1}{\376\377\0002\000.\0001\000.\0001\000\040\000D\000e\000t\000a\000i\000l\000e\000d\000\040\000D\000e\000s\000c\000r\000i\000p\000t\000i\000o\000n}{section.2.1}% 5
\BOOKMARK [2][-]{subsection.2.1.2}{\376\377\0002\000.\0001\000.\0002\000\040\000M\000e\000m\000b\000e\000r\000\040\000F\000u\000n\000c\000t\000i\000o\000n\000\040\000D\000o\000c\000u\000m\000e\000n\000t\000a\000t\000i\000o\000n}{section.2.1}% 6
\BOOKMARK [3][-]{subsubsection.2.1.2.1}{\376\377\0002\000.\0001\000.\0002\000.\0001\000\040\000c\000h\000e\000c\000k\000\137\000n\000o\000\137\000l\000o\000s\000t\000\137\000c\000o\000l\000l\000a\000b\000s\000\050\000\051}{subsection.2.1.2}% 7
\BOOKMARK [3][-]{subsubsection.2.1.2.2}{\376\377\0002\000.\0001\000.\0002\000.\0002\000\040\000g\000e\000t\000\137\000m\000a\000x\000\137\000b\000a\000t\000c\000h\000\137\000n\000u\000m\000b\000e\000r\000\050\000\051}{subsection.2.1.2}% 8
\BOOKMARK [3][-]{subsubsection.2.1.2.3}{\376\377\0002\000.\0001\000.\0002\000.\0003\000\040\000r\000e\000m\000o\000v\000e\000\137\000d\000u\000p\000l\000i\000c\000a\000t\000e\000\137\000a\000u\000t\000h\000o\000r\000s\000\137\000a\000n\000d\000\137\000c\000o\000l\000l\000a\000b\000s\000\050\000\051}{subsection.2.1.2}% 9
\BOOKMARK [3][-]{subsubsection.2.1.2.4}{\376\377\0002\000.\0001\000.\0002\000.\0004\000\040\000r\000u\000n\000\137\000m\000e\000t\000h\000o\000d\000\050\000\051}{subsection.2.1.2}% 10
\BOOKMARK [3][-]{subsubsection.2.1.2.5}{\376\377\0002\000.\0001\000.\0002\000.\0005\000\040\000t\000e\000s\000t\000\137\000n\000o\000\137\000d\000u\000p\000l\000i\000c\000a\000t\000e\000s\000\137\000i\000n\000\137\000a\000u\000t\000h\000o\000r\000\137\000a\000n\000d\000\137\000c\000o\000l\000l\000a\000b\000\050\000\051}{subsection.2.1.2}% 11
\BOOKMARK [3][-]{subsubsection.2.1.2.6}{\376\377\0002\000.\0001\000.\0002\000.\0006\000\040\000u\000p\000l\000o\000a\000d\000\137\000c\000o\000l\000l\000a\000b\000s\000\137\000p\000a\000r\000a\000l\000l\000e\000l\000\050\000\051}{subsection.2.1.2}% 12
\BOOKMARK [3][-]{subsubsection.2.1.2.7}{\376\377\0002\000.\0001\000.\0002\000.\0007\000\040\000u\000p\000l\000o\000a\000d\000\137\000c\000u\000r\000r\000e\000n\000t\000\137\000g\000t\000\137\000a\000u\000t\000h\000o\000r\000s\000\050\000\051}{subsection.2.1.2}% 13
\BOOKMARK [1][-]{section.2.2}{\376\377\0002\000.\0002\000\040\000D\000a\000t\000a\000B\000a\000s\000e\000.\000D\000a\000t\000a\000B\000a\000s\000e\000\040\000C\000l\000a\000s\000s\000\040\000R\000e\000f\000e\000r\000e\000n\000c\000e}{chapter.2}% 14
\BOOKMARK [2][-]{subsection.2.2.1}{\376\377\0002\000.\0002\000.\0001\000\040\000D\000e\000t\000a\000i\000l\000e\000d\000\040\000D\000e\000s\000c\000r\000i\000p\000t\000i\000o\000n}{section.2.2}% 15
\BOOKMARK [2][-]{subsection.2.2.2}{\376\377\0002\000.\0002\000.\0002\000\040\000C\000o\000n\000s\000t\000r\000u\000c\000t\000o\000r\000\040\000\046\000\040\000D\000e\000s\000t\000r\000u\000c\000t\000o\000r\000\040\000D\000o\000c\000u\000m\000e\000n\000t\000a\000t\000i\000o\000n}{section.2.2}% 16
\BOOKMARK [3][-]{subsubsection.2.2.2.1}{\376\377\0002\000.\0002\000.\0002\000.\0001\000\040\000\137\000\137\000i\000n\000i\000t\000\137\000\137\000\050\000\051}{subsection.2.2.2}% 17
\BOOKMARK [2][-]{subsection.2.2.3}{\376\377\0002\000.\0002\000.\0003\000\040\000M\000e\000m\000b\000e\000r\000\040\000F\000u\000n\000c\000t\000i\000o\000n\000\040\000D\000o\000c\000u\000m\000e\000n\000t\000a\000t\000i\000o\000n}{section.2.2}% 18
\BOOKMARK [3][-]{subsubsection.2.2.3.1}{\376\377\0002\000.\0002\000.\0003\000.\0001\000\040\000r\000u\000n\000\137\000c\000o\000m\000m\000a\000n\000d\000\050\000\051}{subsection.2.2.3}% 19
\BOOKMARK [1][-]{section.2.3}{\376\377\0002\000.\0003\000\040\000D\000o\000w\000n\000l\000o\000a\000d\000.\000D\000o\000w\000n\000l\000o\000a\000d\000\040\000C\000l\000a\000s\000s\000\040\000R\000e\000f\000e\000r\000e\000n\000c\000e}{chapter.2}% 20
\BOOKMARK [2][-]{subsection.2.3.1}{\376\377\0002\000.\0003\000.\0001\000\040\000D\000e\000t\000a\000i\000l\000e\000d\000\040\000D\000e\000s\000c\000r\000i\000p\000t\000i\000o\000n}{section.2.3}% 21
\BOOKMARK [2][-]{subsection.2.3.2}{\376\377\0002\000.\0003\000.\0002\000\040\000C\000o\000n\000s\000t\000r\000u\000c\000t\000o\000r\000\040\000\046\000\040\000D\000e\000s\000t\000r\000u\000c\000t\000o\000r\000\040\000D\000o\000c\000u\000m\000e\000n\000t\000a\000t\000i\000o\000n}{section.2.3}% 22
\BOOKMARK [3][-]{subsubsection.2.3.2.1}{\376\377\0002\000.\0003\000.\0002\000.\0001\000\040\000\137\000\137\000i\000n\000i\000t\000\137\000\137\000\050\000\051}{subsection.2.3.2}% 23
\BOOKMARK [2][-]{subsection.2.3.3}{\376\377\0002\000.\0003\000.\0003\000\040\000M\000e\000m\000b\000e\000r\000\040\000F\000u\000n\000c\000t\000i\000o\000n\000\040\000D\000o\000c\000u\000m\000e\000n\000t\000a\000t\000i\000o\000n}{section.2.3}% 24
\BOOKMARK [3][-]{subsubsection.2.3.3.1}{\376\377\0002\000.\0003\000.\0003\000.\0001\000\040\000a\000d\000d\000\137\000a\000u\000t\000h\000o\000r\000\050\000\051}{subsection.2.3.3}% 25
\BOOKMARK [3][-]{subsubsection.2.3.3.2}{\376\377\0002\000.\0003\000.\0003\000.\0002\000\040\000a\000d\000d\000\137\000w\000o\000r\000k\000\050\000\051}{subsection.2.3.3}% 26
\BOOKMARK [3][-]{subsubsection.2.3.3.3}{\376\377\0002\000.\0003\000.\0003\000.\0003\000\040\000c\000l\000o\000s\000e\000\137\000f\000i\000l\000e\000s\000\050\000\051}{subsection.2.3.3}% 27
\BOOKMARK [3][-]{subsubsection.2.3.3.4}{\376\377\0002\000.\0003\000.\0003\000.\0004\000\040\000c\000r\000e\000a\000t\000e\000\137\000f\000i\000l\000e\000s\000\050\000\051}{subsection.2.3.3}% 28
\BOOKMARK [3][-]{subsubsection.2.3.3.5}{\376\377\0002\000.\0003\000.\0003\000.\0005\000\040\000d\000o\000w\000n\000l\000o\000a\000d\000\137\000b\000a\000s\000e\000d\000\137\000o\000n\000\137\000l\000a\000s\000t\000\137\000k\000n\000o\000w\000n\000\050\000\051}{subsection.2.3.3}% 29
\BOOKMARK [3][-]{subsubsection.2.3.3.6}{\376\377\0002\000.\0003\000.\0003\000.\0006\000\040\000d\000o\000w\000n\000l\000o\000a\000d\000\137\000b\000a\000s\000e\000d\000\137\000o\000n\000\137\000w\000o\000r\000k\000s\000\050\000\051}{subsection.2.3.3}% 30
\BOOKMARK [1][-]{section.2.4}{\376\377\0002\000.\0004\000\040\000F\000i\000l\000e\000.\000F\000i\000l\000e\000\040\000C\000l\000a\000s\000s\000\040\000R\000e\000f\000e\000r\000e\000n\000c\000e}{chapter.2}% 31
\BOOKMARK [2][-]{subsection.2.4.1}{\376\377\0002\000.\0004\000.\0001\000\040\000D\000e\000t\000a\000i\000l\000e\000d\000\040\000D\000e\000s\000c\000r\000i\000p\000t\000i\000o\000n}{section.2.4}% 32
\BOOKMARK [2][-]{subsection.2.4.2}{\376\377\0002\000.\0004\000.\0002\000\040\000M\000e\000m\000b\000e\000r\000\040\000F\000u\000n\000c\000t\000i\000o\000n\000\040\000D\000o\000c\000u\000m\000e\000n\000t\000a\000t\000i\000o\000n}{section.2.4}% 33
\BOOKMARK [3][-]{subsubsection.2.4.2.1}{\376\377\0002\000.\0004\000.\0002\000.\0001\000\040\000c\000h\000e\000c\000k\000\137\000f\000i\000l\000e\000s\000\050\000\051}{subsection.2.4.2}% 34
\BOOKMARK [3][-]{subsubsection.2.4.2.2}{\376\377\0002\000.\0004\000.\0002\000.\0002\000\040\000c\000h\000e\000c\000k\000\137\000f\000o\000r\000\137\000d\000u\000p\000l\000i\000c\000a\000t\000e\000s\000\050\000\051}{subsection.2.4.2}% 35
\BOOKMARK [3][-]{subsubsection.2.4.2.3}{\376\377\0002\000.\0004\000.\0002\000.\0003\000\040\000c\000h\000e\000c\000k\000\137\000n\000u\000m\000\137\000i\000n\000\137\000j\000s\000o\000n\000\050\000\051}{subsection.2.4.2}% 36
\BOOKMARK [3][-]{subsubsection.2.4.2.4}{\376\377\0002\000.\0004\000.\0002\000.\0004\000\040\000c\000h\000u\000n\000k\000\137\000j\000s\000o\000n\000\050\000\051}{subsection.2.4.2}% 37
\BOOKMARK [3][-]{subsubsection.2.4.2.5}{\376\377\0002\000.\0004\000.\0002\000.\0005\000\040\000c\000l\000o\000s\000e\000\137\000f\000i\000l\000e\000\050\000\051}{subsection.2.4.2}% 38
\BOOKMARK [3][-]{subsubsection.2.4.2.6}{\376\377\0002\000.\0004\000.\0002\000.\0006\000\040\000c\000o\000m\000p\000a\000r\000e\000\137\000t\000o\000\137\000e\000d\000i\000t\000\050\000\051}{subsection.2.4.2}% 39
\BOOKMARK [3][-]{subsubsection.2.4.2.7}{\376\377\0002\000.\0004\000.\0002\000.\0007\000\040\000c\000r\000e\000a\000t\000e\000\137\000j\000s\000o\000n\000\137\000f\000i\000l\000e\000\050\000\051}{subsection.2.4.2}% 40
\BOOKMARK [3][-]{subsubsection.2.4.2.8}{\376\377\0002\000.\0004\000.\0002\000.\0008\000\040\000g\000e\000t\000\137\000m\000a\000x\000\137\000b\000a\000t\000c\000h\000\137\000n\000u\000m\000b\000e\000r\000\137\000c\000o\000l\000l\000a\000b\000s\000\050\000\051}{subsection.2.4.2}% 41
\BOOKMARK [3][-]{subsubsection.2.4.2.9}{\376\377\0002\000.\0004\000.\0002\000.\0009\000\040\000g\000e\000t\000\137\000m\000a\000x\000\137\000b\000a\000t\000c\000h\000\137\000n\000u\000m\000b\000e\000r\000\137\000w\000o\000r\000k\000s\000\050\000\051}{subsection.2.4.2}% 42
\BOOKMARK [3][-]{subsubsection.2.4.2.10}{\376\377\0002\000.\0004\000.\0002\000.\0001\0000\000\040\000o\000p\000e\000n\000\137\000f\000i\000l\000e\000\050\000\051}{subsection.2.4.2}% 43
\BOOKMARK [3][-]{subsubsection.2.4.2.11}{\376\377\0002\000.\0004\000.\0002\000.\0001\0001\000\040\000r\000u\000n\000\137\000m\000e\000t\000h\000o\000d\000\050\000\051}{subsection.2.4.2}% 44
\BOOKMARK [3][-]{subsubsection.2.4.2.12}{\376\377\0002\000.\0004\000.\0002\000.\0001\0002\000\040\000w\000r\000i\000t\000e\000\137\000d\000a\000t\000a\000\137\000t\000o\000\137\000f\000i\000l\000e\000\050\000\051}{subsection.2.4.2}% 45
\BOOKMARK [1][-]{section.2.5}{\376\377\0002\000.\0005\000\040\000I\000n\000s\000t\000i\000t\000u\000t\000i\000o\000n\000.\000I\000n\000s\000t\000i\000t\000u\000t\000i\000o\000n\000\040\000C\000l\000a\000s\000s\000\040\000R\000e\000f\000e\000r\000e\000n\000c\000e}{chapter.2}% 46
\BOOKMARK [2][-]{subsection.2.5.1}{\376\377\0002\000.\0005\000.\0001\000\040\000D\000e\000t\000a\000i\000l\000e\000d\000\040\000D\000e\000s\000c\000r\000i\000p\000t\000i\000o\000n}{section.2.5}% 47
\BOOKMARK [2][-]{subsection.2.5.2}{\376\377\0002\000.\0005\000.\0002\000\040\000M\000e\000m\000b\000e\000r\000\040\000F\000u\000n\000c\000t\000i\000o\000n\000\040\000D\000o\000c\000u\000m\000e\000n\000t\000a\000t\000i\000o\000n}{section.2.5}% 48
\BOOKMARK [3][-]{subsubsection.2.5.2.1}{\376\377\0002\000.\0005\000.\0002\000.\0001\000\040\000r\000e\000m\000o\000v\000e\000\137\000d\000u\000p\000l\000i\000c\000a\000t\000e\000\137\000i\000n\000s\000t\000i\000t\000u\000t\000i\000o\000n\000s\000\050\000\051}{subsection.2.5.2}% 49
\BOOKMARK [3][-]{subsubsection.2.5.2.2}{\376\377\0002\000.\0005\000.\0002\000.\0002\000\040\000r\000u\000n\000\137\000m\000e\000t\000h\000o\000d\000\050\000\051}{subsection.2.5.2}% 50
\BOOKMARK [3][-]{subsubsection.2.5.2.3}{\376\377\0002\000.\0005\000.\0002\000.\0003\000\040\000u\000p\000l\000o\000a\000d\000\137\000i\000n\000s\000t\000i\000t\000u\000t\000i\000o\000n\000s\000\050\000\051}{subsection.2.5.2}% 51
\BOOKMARK [1][-]{section.2.6}{\376\377\0002\000.\0006\000\040\000S\000l\000u\000r\000m\000J\000o\000b\000.\000S\000l\000u\000r\000m\000J\000o\000b\000\040\000C\000l\000a\000s\000s\000\040\000R\000e\000f\000e\000r\000e\000n\000c\000e}{chapter.2}% 52
\BOOKMARK [2][-]{subsection.2.6.1}{\376\377\0002\000.\0006\000.\0001\000\040\000D\000e\000t\000a\000i\000l\000e\000d\000\040\000D\000e\000s\000c\000r\000i\000p\000t\000i\000o\000n}{section.2.6}% 53
\BOOKMARK [2][-]{subsection.2.6.2}{\376\377\0002\000.\0006\000.\0002\000\040\000C\000o\000n\000s\000t\000r\000u\000c\000t\000o\000r\000\040\000\046\000\040\000D\000e\000s\000t\000r\000u\000c\000t\000o\000r\000\040\000D\000o\000c\000u\000m\000e\000n\000t\000a\000t\000i\000o\000n}{section.2.6}% 54
\BOOKMARK [3][-]{subsubsection.2.6.2.1}{\376\377\0002\000.\0006\000.\0002\000.\0001\000\040\000\137\000\137\000i\000n\000i\000t\000\137\000\137\000\050\000\051}{subsection.2.6.2}% 55
\BOOKMARK [2][-]{subsection.2.6.3}{\376\377\0002\000.\0006\000.\0003\000\040\000M\000e\000m\000b\000e\000r\000\040\000F\000u\000n\000c\000t\000i\000o\000n\000\040\000D\000o\000c\000u\000m\000e\000n\000t\000a\000t\000i\000o\000n}{section.2.6}% 56
\BOOKMARK [3][-]{subsubsection.2.6.3.1}{\376\377\0002\000.\0006\000.\0003\000.\0001\000\040\000d\000o\000w\000n\000l\000o\000a\000d\000\137\000f\000i\000l\000e\000s\000\050\000\051}{subsection.2.6.3}% 57
\BOOKMARK [3][-]{subsubsection.2.6.3.2}{\376\377\0002\000.\0006\000.\0003\000.\0002\000\040\000p\000r\000i\000n\000t\000\137\000n\000u\000m\000s\000\137\000i\000n\000\137\000f\000i\000l\000e\000\050\000\051}{subsection.2.6.3}% 58
\BOOKMARK [3][-]{subsubsection.2.6.3.3}{\376\377\0002\000.\0006\000.\0003\000.\0003\000\040\000r\000e\000m\000o\000v\000e\000\137\000d\000u\000p\000l\000i\000c\000a\000t\000e\000s\000\050\000\051}{subsection.2.6.3}% 59
\BOOKMARK [3][-]{subsubsection.2.6.3.4}{\376\377\0002\000.\0006\000.\0003\000.\0004\000\040\000r\000u\000n\000\137\000t\000e\000s\000t\000s\000\137\000o\000n\000\137\000c\000l\000e\000a\000n\000i\000n\000g\000\050\000\051}{subsection.2.6.3}% 60
\BOOKMARK [3][-]{subsubsection.2.6.3.5}{\376\377\0002\000.\0006\000.\0003\000.\0005\000\040\000u\000p\000l\000o\000a\000d\000\137\000t\000o\000\137\000n\000e\000o\0004\000j\000\050\000\051}{subsection.2.6.3}% 61
\BOOKMARK [1][-]{section.2.7}{\376\377\0002\000.\0007\000\040\000W\000o\000r\000k\000.\000W\000o\000r\000k\000\040\000C\000l\000a\000s\000s\000\040\000R\000e\000f\000e\000r\000e\000n\000c\000e}{chapter.2}% 62
\BOOKMARK [2][-]{subsection.2.7.1}{\376\377\0002\000.\0007\000.\0001\000\040\000D\000e\000t\000a\000i\000l\000e\000d\000\040\000D\000e\000s\000c\000r\000i\000p\000t\000i\000o\000n}{section.2.7}% 63
\BOOKMARK [2][-]{subsection.2.7.2}{\376\377\0002\000.\0007\000.\0002\000\040\000M\000e\000m\000b\000e\000r\000\040\000F\000u\000n\000c\000t\000i\000o\000n\000\040\000D\000o\000c\000u\000m\000e\000n\000t\000a\000t\000i\000o\000n}{section.2.7}% 64
\BOOKMARK [3][-]{subsubsection.2.7.2.1}{\376\377\0002\000.\0007\000.\0002\000.\0001\000\040\000c\000r\000e\000a\000t\000e\000\137\000a\000u\000t\000h\000o\000r\000e\000d\000\137\000r\000e\000l\000a\000t\000i\000o\000n\000s\000h\000i\000p\000\050\000\051}{subsection.2.7.2}% 65
\BOOKMARK [3][-]{subsubsection.2.7.2.2}{\376\377\0002\000.\0007\000.\0002\000.\0002\000\040\000g\000e\000t\000\137\000m\000a\000x\000\137\000b\000a\000t\000c\000h\000\137\000n\000u\000m\000b\000e\000r\000\050\000\051}{subsection.2.7.2}% 66
\BOOKMARK [3][-]{subsubsection.2.7.2.3}{\376\377\0002\000.\0007\000.\0002\000.\0003\000\040\000r\000e\000m\000o\000v\000e\000\137\000d\000u\000p\000l\000i\000c\000a\000t\000e\000\137\000w\000o\000r\000k\000s\000\050\000\051}{subsection.2.7.2}% 67
\BOOKMARK [3][-]{subsubsection.2.7.2.4}{\376\377\0002\000.\0007\000.\0002\000.\0004\000\040\000r\000u\000n\000\137\000m\000e\000t\000h\000o\000d\000\050\000\051}{subsection.2.7.2}% 68
\BOOKMARK [3][-]{subsubsection.2.7.2.5}{\376\377\0002\000.\0007\000.\0002\000.\0005\000\040\000u\000p\000l\000o\000a\000d\000\137\000w\000o\000r\000k\000s\000\137\000p\000a\000r\000a\000l\000l\000e\000l\000\050\000\051}{subsection.2.7.2}% 69
\BOOKMARK [0][-]{section*.11}{\376\377\000I\000n\000d\000e\000x}{}% 70
